<?xml version="1.0" encoding="UTF-8"?>
<coverage generated="1537313426793" clover="3.2.0">
  <project timestamp="1537313426793" name="All files">
    <metrics statements="123" coveredstatements="67" conditionals="20" coveredconditionals="5" methods="59" coveredmethods="8" elements="202" coveredelements="80" complexity="0" loc="123" ncloc="123" packages="2" files="8" classes="8">
      <package name="components">
        <metrics statements="104" coveredstatements="48" conditionals="18" coveredconditionals="4" methods="54" coveredmethods="8"/>
        <file name="CompaniesContainer.js" path="/Users/arram/turing/projects/capstone/PassGo/components/CompaniesContainer.js">
          <metrics statements="8" coveredstatements="7" conditionals="0" coveredconditionals="0" methods="2" coveredmethods="1"/>
          <line num="1" count="1" type="stmt"/>
          <line num="2" count="1" type="stmt"/>
          <line num="3" count="1" type="stmt"/>
          <line num="5" count="1" type="stmt"/>
          <line num="6" count="1" type="stmt"/>
          <line num="11" count="0" type="stmt"/>
          <line num="28" count="1" type="stmt"/>
          <line num="30" count="1" type="stmt"/>
        </file>
        <file name="Company.js" path="/Users/arram/turing/projects/capstone/PassGo/components/Company.js">
          <metrics statements="7" coveredstatements="5" conditionals="0" coveredconditionals="0" methods="2" coveredmethods="0"/>
          <line num="1" count="1" type="stmt"/>
          <line num="2" count="1" type="stmt"/>
          <line num="4" count="1" type="stmt"/>
          <line num="5" count="0" type="stmt"/>
          <line num="15" count="0" type="stmt"/>
          <line num="29" count="1" type="stmt"/>
          <line num="31" count="1" type="stmt"/>
        </file>
        <file name="Landing.js" path="/Users/arram/turing/projects/capstone/PassGo/components/Landing.js">
          <metrics statements="60" coveredstatements="22" conditionals="16" coveredconditionals="4" methods="33" coveredmethods="4"/>
          <line num="1" count="1" type="stmt"/>
          <line num="2" count="1" type="stmt"/>
          <line num="3" count="1" type="stmt"/>
          <line num="4" count="1" type="stmt"/>
          <line num="7" count="1" type="stmt"/>
          <line num="8" count="2" type="stmt"/>
          <line num="9" count="2" type="stmt"/>
          <line num="34" count="0" type="stmt"/>
          <line num="35" count="0" type="stmt"/>
          <line num="36" count="0" type="stmt"/>
          <line num="37" count="0" type="stmt"/>
          <line num="38" count="2" type="stmt"/>
          <line num="41" count="0" type="stmt"/>
          <line num="42" count="0" type="stmt"/>
          <line num="43" count="0" type="stmt"/>
          <line num="46" count="0" type="stmt"/>
          <line num="47" count="0" type="stmt"/>
          <line num="50" count="0" type="stmt"/>
          <line num="57" count="0" type="stmt"/>
          <line num="59" count="0" type="stmt"/>
          <line num="61" count="2" type="stmt"/>
          <line num="64" count="0" type="stmt"/>
          <line num="69" count="0" type="stmt"/>
          <line num="71" count="0" type="stmt"/>
          <line num="72" count="0" type="stmt"/>
          <line num="74" count="0" type="stmt"/>
          <line num="75" count="2" type="stmt"/>
          <line num="78" count="0" type="stmt"/>
          <line num="79" count="0" type="stmt"/>
          <line num="81" count="0" type="stmt"/>
          <line num="82" count="0" type="stmt"/>
          <line num="83" count="0" type="stmt"/>
          <line num="86" count="0" type="stmt"/>
          <line num="90" count="2" type="cond" truecount="0" falsecount="5"/>
          <line num="98" count="0" type="stmt"/>
          <line num="102" count="0" type="cond" truecount="0" falsecount="5"/>
          <line num="112" count="0" type="stmt"/>
          <line num="116" count="0" type="stmt"/>
          <line num="120" count="2" type="stmt"/>
          <line num="121" count="2" type="stmt"/>
          <line num="123" count="0" type="cond" truecount="0" falsecount="2"/>
          <line num="124" count="0" type="stmt"/>
          <line num="125" count="0" type="stmt"/>
          <line num="126" count="0" type="stmt"/>
          <line num="131" count="0" type="stmt"/>
          <line num="136" count="3" type="stmt"/>
          <line num="137" count="3" type="stmt"/>
          <line num="138" count="3" type="cond" truecount="2" falsecount="0"/>
          <line num="139" count="2" type="stmt"/>
          <line num="144" count="0" type="stmt"/>
          <line num="146" count="0" type="stmt"/>
          <line num="152" count="0" type="stmt"/>
          <line num="159" count="1" type="stmt"/>
          <line num="167" count="0" type="stmt"/>
          <line num="168" count="0" type="stmt"/>
          <line num="169" count="0" type="stmt"/>
          <line num="175" count="1" type="stmt"/>
          <line num="178" count="1" type="stmt"/>
          <line num="249" count="1" type="stmt"/>
          <line num="253" count="1" type="stmt"/>
        </file>
        <file name="SignUp.js" path="/Users/arram/turing/projects/capstone/PassGo/components/SignUp.js">
          <metrics statements="28" coveredstatements="13" conditionals="2" coveredconditionals="0" methods="17" coveredmethods="3"/>
          <line num="1" count="1" type="stmt"/>
          <line num="2" count="1" type="stmt"/>
          <line num="3" count="1" type="stmt"/>
          <line num="5" count="1" type="stmt"/>
          <line num="6" count="1" type="stmt"/>
          <line num="7" count="1" type="stmt"/>
          <line num="18" count="0" type="stmt"/>
          <line num="23" count="0" type="stmt"/>
          <line num="24" count="0" type="stmt"/>
          <line num="25" count="0" type="stmt"/>
          <line num="26" count="1" type="stmt"/>
          <line num="29" count="0" type="stmt"/>
          <line num="35" count="0" type="cond" truecount="0" falsecount="2"/>
          <line num="36" count="0" type="stmt"/>
          <line num="38" count="0" type="stmt"/>
          <line num="42" count="0" type="stmt"/>
          <line num="49" count="0" type="stmt"/>
          <line num="51" count="1" type="stmt"/>
          <line num="53" count="1" type="stmt"/>
          <line num="54" count="1" type="stmt"/>
          <line num="59" count="0" type="stmt"/>
          <line num="61" count="0" type="stmt"/>
          <line num="63" count="0" type="stmt"/>
          <line num="66" count="0" type="stmt"/>
          <line num="67" count="0" type="stmt"/>
          <line num="73" count="1" type="stmt"/>
          <line num="76" count="1" type="stmt"/>
          <line num="123" count="1" type="stmt"/>
        </file>
        <file name="passgo1.png" path="/Users/arram/turing/projects/capstone/PassGo/components/passgo1.png">
          <metrics statements="1" coveredstatements="1" conditionals="0" coveredconditionals="0" methods="0" coveredmethods="0"/>
          <line num="1" count="1" type="stmt"/>
        </file>
      </package>
      <package name="firebase">
        <metrics statements="19" coveredstatements="19" conditionals="2" coveredconditionals="1" methods="5" coveredmethods="0"/>
        <file name="auth.js" path="/Users/arram/turing/projects/capstone/PassGo/firebase/auth.js">
          <metrics statements="11" coveredstatements="11" conditionals="0" coveredconditionals="0" methods="5" coveredmethods="0"/>
          <line num="1" count="2" type="stmt"/>
          <line num="3" count="2" type="stmt"/>
          <line num="4" count="2" type="stmt"/>
          <line num="6" count="2" type="stmt"/>
          <line num="7" count="2" type="stmt"/>
          <line num="9" count="2" type="stmt"/>
          <line num="10" count="2" type="stmt"/>
          <line num="12" count="2" type="stmt"/>
          <line num="13" count="2" type="stmt"/>
          <line num="15" count="2" type="stmt"/>
          <line num="16" count="2" type="stmt"/>
        </file>
        <file name="firebase.js" path="/Users/arram/turing/projects/capstone/PassGo/firebase/firebase.js">
          <metrics statements="6" coveredstatements="6" conditionals="2" coveredconditionals="1" methods="0" coveredmethods="0"/>
          <line num="1" count="2" type="stmt"/>
          <line num="2" count="2" type="stmt"/>
          <line num="4" count="2" type="stmt"/>
          <line num="13" count="2" type="cond" truecount="1" falsecount="1"/>
          <line num="14" count="2" type="stmt"/>
          <line num="17" count="2" type="stmt"/>
        </file>
        <file name="index.js" path="/Users/arram/turing/projects/capstone/PassGo/firebase/index.js">
          <metrics statements="2" coveredstatements="2" conditionals="0" coveredconditionals="0" methods="0" coveredmethods="0"/>
          <line num="1" count="2" type="stmt"/>
          <line num="2" count="2" type="stmt"/>
        </file>
      </package>
    </metrics>
  </project>
</coverage>
