{"/Users/arram/turing/projects/capstone/PassGo/components/CompaniesContainer.js": {"path":"/Users/arram/turing/projects/capstone/PassGo/components/CompaniesContainer.js","statementMap":{"0":{"start":{"line":1,"column":13},"end":{"line":1,"column":75}},"1":{"start":{"line":1,"column":75},"end":{"line":1,"column":100}},"2":{"start":{"line":1,"column":113},"end":{"line":1,"column":165}},"3":{"start":{"line":2,"column":19},"end":{"line":2,"column":42}},"4":{"start":{"line":3,"column":15},"end":{"line":3,"column":71}},"5":{"start":{"line":3,"column":91},"end":{"line":3,"column":170}},"6":{"start":{"line":5,"column":25},"end":{"line":26,"column":1}},"7":{"start":{"line":5,"column":76},"end":{"line":5,"column":90}},"8":{"start":{"line":5,"column":102},"end":{"line":5,"column":115}},"9":{"start":{"line":6,"column":2},"end":{"line":22,"column":9}},"10":{"start":{"line":11,"column":6},"end":{"line":19,"column":87}},"11":{"start":{"line":28,"column":0},"end":{"line":28,"column":18}},"12":{"start":{"line":28,"column":19},"end":{"line":28,"column":46}},"13":{"start":{"line":30,"column":13},"end":{"line":38,"column":21}}},"fnMap":{"0":{"name":"CompaniesContainer","decl":{"start":{"line":5,"column":34},"end":{"line":5,"column":52}},"loc":{"start":{"line":5,"column":59},"end":{"line":26,"column":1}},"line":5},"1":{"name":"(anonymous_1)","decl":{"start":{"line":10,"column":18},"end":{"line":10,"column":19}},"loc":{"start":{"line":10,"column":44},"end":{"line":22,"column":5}},"line":10}},"branchMap":{},"s":{"0":1,"1":1,"2":1,"3":1,"4":1,"5":1,"6":1,"7":1,"8":1,"9":1,"10":0,"11":1,"12":1,"13":1},"f":{"0":1,"1":0},"b":{},"_coverageSchema":"332fd63041d2c1bcb487cc26dd0d5f7d97098a6c","hash":"84658a8ef0ea5f2eb8820b755070209a4f54303c"}
,"/Users/arram/turing/projects/capstone/PassGo/components/Company.js": {"path":"/Users/arram/turing/projects/capstone/PassGo/components/Company.js","statementMap":{"0":{"start":{"line":1,"column":13},"end":{"line":1,"column":75}},"1":{"start":{"line":1,"column":75},"end":{"line":1,"column":100}},"2":{"start":{"line":1,"column":113},"end":{"line":1,"column":165}},"3":{"start":{"line":2,"column":19},"end":{"line":2,"column":42}},"4":{"start":{"line":2,"column":62},"end":{"line":2,"column":130}},"5":{"start":{"line":4,"column":14},"end":{"line":27,"column":1}},"6":{"start":{"line":4,"column":49},"end":{"line":4,"column":58}},"7":{"start":{"line":4,"column":68},"end":{"line":4,"column":79}},"8":{"start":{"line":4,"column":89},"end":{"line":4,"column":100}},"9":{"start":{"line":4,"column":109},"end":{"line":4,"column":119}},"10":{"start":{"line":4,"column":130},"end":{"line":4,"column":142}},"11":{"start":{"line":4,"column":154},"end":{"line":4,"column":167}},"12":{"start":{"line":5,"column":2},"end":{"line":23,"column":173}},"13":{"start":{"line":15,"column":8},"end":{"line":15,"column":27}},"14":{"start":{"line":29,"column":0},"end":{"line":29,"column":7}},"15":{"start":{"line":29,"column":8},"end":{"line":29,"column":35}},"16":{"start":{"line":31,"column":13},"end":{"line":67,"column":19}}},"fnMap":{"0":{"name":"Company","decl":{"start":{"line":4,"column":23},"end":{"line":4,"column":30}},"loc":{"start":{"line":4,"column":37},"end":{"line":27,"column":1}},"line":4},"1":{"name":"onPress","decl":{"start":{"line":14,"column":109},"end":{"line":14,"column":116}},"loc":{"start":{"line":14,"column":119},"end":{"line":16,"column":7}},"line":14}},"branchMap":{},"s":{"0":1,"1":1,"2":1,"3":1,"4":1,"5":1,"6":0,"7":0,"8":0,"9":0,"10":0,"11":0,"12":0,"13":0,"14":1,"15":1,"16":1},"f":{"0":0,"1":0},"b":{},"_coverageSchema":"332fd63041d2c1bcb487cc26dd0d5f7d97098a6c","hash":"df1a31b5e1ad179b38d816e25dabde76625370ca"}
,"/Users/arram/turing/projects/capstone/PassGo/components/Landing.js": {"path":"/Users/arram/turing/projects/capstone/PassGo/components/Landing.js","statementMap":{"0":{"start":{"line":1,"column":13},"end":{"line":1,"column":75}},"1":{"start":{"line":1,"column":75},"end":{"line":1,"column":117}},"2":{"start":{"line":1,"column":130},"end":{"line":1,"column":183}},"3":{"start":{"line":2,"column":19},"end":{"line":2,"column":42}},"4":{"start":{"line":3,"column":16},"end":{"line":3,"column":38}},"5":{"start":{"line":4,"column":26},"end":{"line":4,"column":93}},"6":{"start":{"line":4,"column":113},"end":{"line":4,"column":181}},"7":{"start":{"line":7,"column":10},"end":{"line":175,"column":87}},"8":{"start":{"line":8,"column":32},"end":{"line":8,"column":75}},"9":{"start":{"line":9,"column":4},"end":{"line":9,"column":106}},"10":{"start":{"line":9,"column":106},"end":{"line":38,"column":6}},"11":{"start":{"line":34,"column":6},"end":{"line":37,"column":63}},"12":{"start":{"line":35,"column":32},"end":{"line":35,"column":55}},"13":{"start":{"line":36,"column":30},"end":{"line":36,"column":57}},"14":{"start":{"line":37,"column":28},"end":{"line":37,"column":60}},"15":{"start":{"line":38,"column":6},"end":{"line":61,"column":6}},"16":{"start":{"line":41,"column":6},"end":{"line":41,"column":27}},"17":{"start":{"line":42,"column":6},"end":{"line":42,"column":17}},"18":{"start":{"line":42,"column":26},"end":{"line":42,"column":43}},"19":{"start":{"line":42,"column":55},"end":{"line":42,"column":75}},"20":{"start":{"line":43,"column":6},"end":{"line":60,"column":9}},"21":{"start":{"line":46,"column":8},"end":{"line":46,"column":42}},"22":{"start":{"line":47,"column":8},"end":{"line":47,"column":20}},"23":{"start":{"line":50,"column":8},"end":{"line":54,"column":23}},"24":{"start":{"line":57,"column":24},"end":{"line":57,"column":60}},"25":{"start":{"line":59,"column":8},"end":{"line":59,"column":35}},"26":{"start":{"line":61,"column":6},"end":{"line":75,"column":6}},"27":{"start":{"line":64,"column":6},"end":{"line":74,"column":63}},"28":{"start":{"line":69,"column":32},"end":{"line":69,"column":55}},"29":{"start":{"line":71,"column":8},"end":{"line":71,"column":28}},"30":{"start":{"line":72,"column":8},"end":{"line":72,"column":56}},"31":{"start":{"line":74,"column":28},"end":{"line":74,"column":60}},"32":{"start":{"line":75,"column":6},"end":{"line":90,"column":6}},"33":{"start":{"line":78,"column":6},"end":{"line":78,"column":26}},"34":{"start":{"line":79,"column":6},"end":{"line":88,"column":74}},"35":{"start":{"line":81,"column":8},"end":{"line":81,"column":37}},"36":{"start":{"line":82,"column":8},"end":{"line":82,"column":23}},"37":{"start":{"line":82,"column":35},"end":{"line":82,"column":60}},"38":{"start":{"line":82,"column":73},"end":{"line":82,"column":99}},"39":{"start":{"line":83,"column":8},"end":{"line":83,"column":94}},"40":{"start":{"line":86,"column":8},"end":{"line":86,"column":35}},"41":{"start":{"line":90,"column":6},"end":{"line":90,"column":133}},"42":{"start":{"line":90,"column":133},"end":{"line":90,"column":146}},"43":{"start":{"line":90,"column":147},"end":{"line":175,"column":10}},"44":{"start":{"line":90,"column":243},"end":{"line":90,"column":281}},"45":{"start":{"line":90,"column":347},"end":{"line":90,"column":384}},"46":{"start":{"line":90,"column":490},"end":{"line":102,"column":115}},"47":{"start":{"line":90,"column":573},"end":{"line":102,"column":90}},"48":{"start":{"line":90,"column":584},"end":{"line":102,"column":89}},"49":{"start":{"line":90,"column":631},"end":{"line":90,"column":649}},"50":{"start":{"line":90,"column":649},"end":{"line":90,"column":667}},"51":{"start":{"line":90,"column":667},"end":{"line":98,"column":75}},"52":{"start":{"line":98,"column":82},"end":{"line":98,"column":106}},"53":{"start":{"line":98,"column":106},"end":{"line":98,"column":124}},"54":{"start":{"line":98,"column":124},"end":{"line":98,"column":130}},"55":{"start":{"line":98,"column":137},"end":{"line":98,"column":155}},"56":{"start":{"line":98,"column":155},"end":{"line":98,"column":190}},"57":{"start":{"line":102,"column":14},"end":{"line":102,"column":47}},"58":{"start":{"line":102,"column":65},"end":{"line":102,"column":88}},"59":{"start":{"line":102,"column":225},"end":{"line":116,"column":117}},"60":{"start":{"line":102,"column":311},"end":{"line":116,"column":92}},"61":{"start":{"line":102,"column":322},"end":{"line":116,"column":91}},"62":{"start":{"line":102,"column":371},"end":{"line":102,"column":390}},"63":{"start":{"line":102,"column":390},"end":{"line":102,"column":409}},"64":{"start":{"line":102,"column":409},"end":{"line":112,"column":75}},"65":{"start":{"line":112,"column":82},"end":{"line":112,"column":107}},"66":{"start":{"line":112,"column":107},"end":{"line":112,"column":126}},"67":{"start":{"line":112,"column":126},"end":{"line":112,"column":132}},"68":{"start":{"line":112,"column":139},"end":{"line":112,"column":158}},"69":{"start":{"line":112,"column":158},"end":{"line":112,"column":195}},"70":{"start":{"line":116,"column":14},"end":{"line":116,"column":48}},"71":{"start":{"line":116,"column":66},"end":{"line":116,"column":90}},"72":{"start":{"line":120,"column":18},"end":{"line":120,"column":22}},"73":{"start":{"line":121,"column":6},"end":{"line":133,"column":9}},"74":{"start":{"line":123,"column":8},"end":{"line":132,"column":9}},"75":{"start":{"line":124,"column":10},"end":{"line":124,"column":49}},"76":{"start":{"line":125,"column":10},"end":{"line":125,"column":51}},"77":{"start":{"line":126,"column":10},"end":{"line":128,"column":42}},"78":{"start":{"line":131,"column":10},"end":{"line":131,"column":40}},"79":{"start":{"line":136,"column":18},"end":{"line":136,"column":22}},"80":{"start":{"line":137,"column":17},"end":{"line":137,"column":47}},"81":{"start":{"line":138,"column":6},"end":{"line":174,"column":7}},"82":{"start":{"line":139,"column":8},"end":{"line":153,"column":76}},"83":{"start":{"line":144,"column":159},"end":{"line":144,"column":200}},"84":{"start":{"line":146,"column":165},"end":{"line":146,"column":212}},"85":{"start":{"line":152,"column":14},"end":{"line":152,"column":33}},"86":{"start":{"line":159,"column":8},"end":{"line":170,"column":75}},"87":{"start":{"line":167,"column":14},"end":{"line":169,"column":75}},"88":{"start":{"line":168,"column":32},"end":{"line":168,"column":76}},"89":{"start":{"line":169,"column":38},"end":{"line":169,"column":72}},"90":{"start":{"line":175,"column":10},"end":{"line":175,"column":53}},"91":{"start":{"line":175,"column":53},"end":{"line":175,"column":68}},"92":{"start":{"line":175,"column":88},"end":{"line":175,"column":138}},"93":{"start":{"line":178,"column":13},"end":{"line":249,"column":20}},"94":{"start":{"line":249,"column":21},"end":{"line":249,"column":45}},"95":{"start":{"line":253,"column":0},"end":{"line":253,"column":7}},"96":{"start":{"line":253,"column":8},"end":{"line":253,"column":35}}},"fnMap":{"0":{"name":"(anonymous_0)","decl":{"start":{"line":7,"column":10},"end":{"line":7,"column":11}},"loc":{"start":{"line":7,"column":32},"end":{"line":175,"column":69}},"line":7},"1":{"name":"Landing","decl":{"start":{"line":8,"column":11},"end":{"line":8,"column":18}},"loc":{"start":{"line":8,"column":21},"end":{"line":90,"column":147}},"line":8},"2":{"name":"(anonymous_2)","decl":{"start":{"line":33,"column":22},"end":{"line":33,"column":23}},"loc":{"start":{"line":33,"column":41},"end":{"line":38,"column":5}},"line":33},"3":{"name":"(anonymous_3)","decl":{"start":{"line":35,"column":11},"end":{"line":35,"column":12}},"loc":{"start":{"line":35,"column":31},"end":{"line":35,"column":56}},"line":35},"4":{"name":"(anonymous_4)","decl":{"start":{"line":36,"column":11},"end":{"line":36,"column":12}},"loc":{"start":{"line":36,"column":29},"end":{"line":36,"column":58}},"line":36},"5":{"name":"(anonymous_5)","decl":{"start":{"line":37,"column":12},"end":{"line":37,"column":13}},"loc":{"start":{"line":37,"column":27},"end":{"line":37,"column":61}},"line":37},"6":{"name":"(anonymous_6)","decl":{"start":{"line":40,"column":19},"end":{"line":40,"column":20}},"loc":{"start":{"line":40,"column":31},"end":{"line":61,"column":5}},"line":40},"7":{"name":"(anonymous_7)","decl":{"start":{"line":45,"column":11},"end":{"line":45,"column":12}},"loc":{"start":{"line":45,"column":27},"end":{"line":48,"column":7}},"line":45},"8":{"name":"(anonymous_8)","decl":{"start":{"line":49,"column":11},"end":{"line":49,"column":12}},"loc":{"start":{"line":49,"column":27},"end":{"line":56,"column":7}},"line":49},"9":{"name":"(anonymous_9)","decl":{"start":{"line":57,"column":11},"end":{"line":57,"column":12}},"loc":{"start":{"line":57,"column":23},"end":{"line":57,"column":61}},"line":57},"10":{"name":"(anonymous_10)","decl":{"start":{"line":58,"column":12},"end":{"line":58,"column":13}},"loc":{"start":{"line":58,"column":29},"end":{"line":60,"column":7}},"line":58},"11":{"name":"(anonymous_11)","decl":{"start":{"line":63,"column":28},"end":{"line":63,"column":29}},"loc":{"start":{"line":63,"column":55},"end":{"line":75,"column":5}},"line":63},"12":{"name":"(anonymous_12)","decl":{"start":{"line":69,"column":11},"end":{"line":69,"column":12}},"loc":{"start":{"line":69,"column":31},"end":{"line":69,"column":56}},"line":69},"13":{"name":"(anonymous_13)","decl":{"start":{"line":70,"column":11},"end":{"line":70,"column":12}},"loc":{"start":{"line":70,"column":29},"end":{"line":73,"column":7}},"line":70},"14":{"name":"(anonymous_14)","decl":{"start":{"line":74,"column":12},"end":{"line":74,"column":13}},"loc":{"start":{"line":74,"column":27},"end":{"line":74,"column":61}},"line":74},"15":{"name":"(anonymous_15)","decl":{"start":{"line":77,"column":19},"end":{"line":77,"column":20}},"loc":{"start":{"line":77,"column":38},"end":{"line":90,"column":5}},"line":77},"16":{"name":"(anonymous_16)","decl":{"start":{"line":80,"column":6},"end":{"line":80,"column":7}},"loc":{"start":{"line":80,"column":26},"end":{"line":84,"column":7}},"line":80},"17":{"name":"(anonymous_17)","decl":{"start":{"line":85,"column":6},"end":{"line":85,"column":7}},"loc":{"start":{"line":85,"column":23},"end":{"line":87,"column":7}},"line":85},"18":{"name":"_onHideUnderlay","decl":{"start":{"line":90,"column":224},"end":{"line":90,"column":239}},"loc":{"start":{"line":90,"column":242},"end":{"line":90,"column":282}},"line":90},"19":{"name":"_onShowUnderlay","decl":{"start":{"line":90,"column":328},"end":{"line":90,"column":343}},"loc":{"start":{"line":90,"column":346},"end":{"line":90,"column":385}},"line":90},"20":{"name":"requestFineLocationPermission","decl":{"start":{"line":90,"column":445},"end":{"line":90,"column":474}},"loc":{"start":{"line":90,"column":477},"end":{"line":102,"column":116}},"line":90},"21":{"name":"requestFineLocationPermission$","decl":{"start":{"line":90,"column":531},"end":{"line":90,"column":561}},"loc":{"start":{"line":90,"column":572},"end":{"line":102,"column":91}},"line":90},"22":{"name":"requestCoarseLocationPermission","decl":{"start":{"line":102,"column":178},"end":{"line":102,"column":209}},"loc":{"start":{"line":102,"column":212},"end":{"line":116,"column":118}},"line":102},"23":{"name":"requestCoarseLocationPermission$","decl":{"start":{"line":102,"column":266},"end":{"line":102,"column":298}},"loc":{"start":{"line":102,"column":310},"end":{"line":116,"column":93}},"line":102},"24":{"name":"componentDidMount","decl":{"start":{"line":116,"column":166},"end":{"line":116,"column":183}},"loc":{"start":{"line":120,"column":4},"end":{"line":134,"column":5}},"line":120},"25":{"name":"(anonymous_25)","decl":{"start":{"line":122,"column":25},"end":{"line":122,"column":26}},"loc":{"start":{"line":122,"column":41},"end":{"line":133,"column":7}},"line":122},"26":{"name":"render","decl":{"start":{"line":134,"column":42},"end":{"line":134,"column":48}},"loc":{"start":{"line":136,"column":4},"end":{"line":175,"column":5}},"line":136},"27":{"name":"onChangeText","decl":{"start":{"line":144,"column":138},"end":{"line":144,"column":150}},"loc":{"start":{"line":144,"column":158},"end":{"line":144,"column":201}},"line":144},"28":{"name":"onChangeText","decl":{"start":{"line":146,"column":141},"end":{"line":146,"column":153}},"loc":{"start":{"line":146,"column":164},"end":{"line":146,"column":213}},"line":146},"29":{"name":"onPress","decl":{"start":{"line":151,"column":133},"end":{"line":151,"column":140}},"loc":{"start":{"line":151,"column":143},"end":{"line":153,"column":13}},"line":151},"30":{"name":"onPress","decl":{"start":{"line":166,"column":134},"end":{"line":166,"column":141}},"loc":{"start":{"line":166,"column":144},"end":{"line":170,"column":13}},"line":166},"31":{"name":"(anonymous_31)","decl":{"start":{"line":168,"column":19},"end":{"line":168,"column":20}},"loc":{"start":{"line":168,"column":31},"end":{"line":168,"column":77}},"line":168},"32":{"name":"(anonymous_32)","decl":{"start":{"line":169,"column":20},"end":{"line":169,"column":21}},"loc":{"start":{"line":169,"column":37},"end":{"line":169,"column":73}},"line":169}},"branchMap":{"0":{"loc":{"start":{"line":90,"column":584},"end":{"line":102,"column":89}},"type":"switch","locations":[{"start":{"line":90,"column":624},"end":{"line":98,"column":75}},{"start":{"line":98,"column":75},"end":{"line":98,"column":130}},{"start":{"line":98,"column":130},"end":{"line":102,"column":47}},{"start":{"line":102,"column":47},"end":{"line":102,"column":54}},{"start":{"line":102,"column":54},"end":{"line":102,"column":88}}],"line":90},"1":{"loc":{"start":{"line":102,"column":322},"end":{"line":116,"column":91}},"type":"switch","locations":[{"start":{"line":102,"column":364},"end":{"line":112,"column":75}},{"start":{"line":112,"column":75},"end":{"line":112,"column":132}},{"start":{"line":112,"column":132},"end":{"line":116,"column":48}},{"start":{"line":116,"column":48},"end":{"line":116,"column":55}},{"start":{"line":116,"column":55},"end":{"line":116,"column":90}}],"line":102},"2":{"loc":{"start":{"line":123,"column":8},"end":{"line":132,"column":9}},"type":"if","locations":[{"start":{"line":123,"column":8},"end":{"line":132,"column":9}},{"start":{"line":123,"column":8},"end":{"line":132,"column":9}}],"line":123},"3":{"loc":{"start":{"line":138,"column":6},"end":{"line":174,"column":7}},"type":"if","locations":[{"start":{"line":138,"column":6},"end":{"line":174,"column":7}},{"start":{"line":138,"column":6},"end":{"line":174,"column":7}}],"line":138},"4":{"loc":{"start":{"line":161,"column":154},"end":{"line":161,"column":179}},"type":"binary-expr","locations":[{"start":{"line":161,"column":154},"end":{"line":161,"column":173}},{"start":{"line":161,"column":177},"end":{"line":161,"column":179}}],"line":161}},"s":{"0":1,"1":1,"2":1,"3":1,"4":1,"5":1,"6":1,"7":1,"8":2,"9":2,"10":2,"11":0,"12":0,"13":0,"14":0,"15":2,"16":0,"17":0,"18":0,"19":0,"20":0,"21":0,"22":0,"23":0,"24":0,"25":0,"26":2,"27":0,"28":0,"29":0,"30":0,"31":0,"32":2,"33":0,"34":0,"35":0,"36":0,"37":0,"38":0,"39":0,"40":0,"41":2,"42":2,"43":1,"44":0,"45":0,"46":0,"47":0,"48":0,"49":0,"50":0,"51":0,"52":0,"53":0,"54":0,"55":0,"56":0,"57":0,"58":0,"59":0,"60":0,"61":0,"62":0,"63":0,"64":0,"65":0,"66":0,"67":0,"68":0,"69":0,"70":0,"71":0,"72":2,"73":2,"74":0,"75":0,"76":0,"77":0,"78":0,"79":3,"80":3,"81":3,"82":2,"83":0,"84":0,"85":0,"86":1,"87":0,"88":0,"89":0,"90":1,"91":1,"92":1,"93":1,"94":1,"95":1,"96":1},"f":{"0":1,"1":2,"2":0,"3":0,"4":0,"5":0,"6":0,"7":0,"8":0,"9":0,"10":0,"11":0,"12":0,"13":0,"14":0,"15":0,"16":0,"17":0,"18":0,"19":0,"20":0,"21":0,"22":0,"23":0,"24":2,"25":0,"26":3,"27":0,"28":0,"29":0,"30":0,"31":0,"32":0},"b":{"0":[0,0,0,0,0],"1":[0,0,0,0,0],"2":[0,0],"3":[2,1],"4":[1,1]},"_coverageSchema":"332fd63041d2c1bcb487cc26dd0d5f7d97098a6c","hash":"4212d814629e316e9b92d6254bf6ba63e5a3cd78"}
,"/Users/arram/turing/projects/capstone/PassGo/components/SignUp.js": {"path":"/Users/arram/turing/projects/capstone/PassGo/components/SignUp.js","statementMap":{"0":{"start":{"line":1,"column":13},"end":{"line":1,"column":75}},"1":{"start":{"line":1,"column":75},"end":{"line":1,"column":100}},"2":{"start":{"line":1,"column":113},"end":{"line":1,"column":166}},"3":{"start":{"line":2,"column":19},"end":{"line":2,"column":42}},"4":{"start":{"line":3,"column":16},"end":{"line":3,"column":38}},"5":{"start":{"line":3,"column":58},"end":{"line":3,"column":125}},"6":{"start":{"line":5,"column":9},"end":{"line":73,"column":85}},"7":{"start":{"line":6,"column":31},"end":{"line":6,"column":73}},"8":{"start":{"line":7,"column":4},"end":{"line":7,"column":105}},"9":{"start":{"line":7,"column":105},"end":{"line":26,"column":6}},"10":{"start":{"line":18,"column":6},"end":{"line":25,"column":67}},"11":{"start":{"line":23,"column":32},"end":{"line":23,"column":55}},"12":{"start":{"line":24,"column":30},"end":{"line":24,"column":57}},"13":{"start":{"line":25,"column":30},"end":{"line":25,"column":64}},"14":{"start":{"line":26,"column":6},"end":{"line":51,"column":6}},"15":{"start":{"line":29,"column":6},"end":{"line":50,"column":9}},"16":{"start":{"line":35,"column":8},"end":{"line":39,"column":9}},"17":{"start":{"line":36,"column":10},"end":{"line":38,"column":62}},"18":{"start":{"line":38,"column":28},"end":{"line":38,"column":59}},"19":{"start":{"line":42,"column":8},"end":{"line":45,"column":26}},"20":{"start":{"line":49,"column":8},"end":{"line":49,"column":35}},"21":{"start":{"line":51,"column":6},"end":{"line":51,"column":32}},"22":{"start":{"line":51,"column":32},"end":{"line":51,"column":112}},"23":{"start":{"line":51,"column":112},"end":{"line":51,"column":125}},"24":{"start":{"line":51,"column":126},"end":{"line":73,"column":10}},"25":{"start":{"line":53,"column":18},"end":{"line":53,"column":22}},"26":{"start":{"line":54,"column":6},"end":{"line":68,"column":73}},"27":{"start":{"line":59,"column":153},"end":{"line":59,"column":196}},"28":{"start":{"line":61,"column":146},"end":{"line":61,"column":186}},"29":{"start":{"line":63,"column":152},"end":{"line":63,"column":195}},"30":{"start":{"line":66,"column":12},"end":{"line":67,"column":81}},"31":{"start":{"line":67,"column":30},"end":{"line":67,"column":78}},"32":{"start":{"line":73,"column":10},"end":{"line":73,"column":52}},"33":{"start":{"line":73,"column":52},"end":{"line":73,"column":66}},"34":{"start":{"line":76,"column":13},"end":{"line":119,"column":24}},"35":{"start":{"line":123,"column":0},"end":{"line":123,"column":6}},"36":{"start":{"line":123,"column":7},"end":{"line":123,"column":34}}},"fnMap":{"0":{"name":"(anonymous_0)","decl":{"start":{"line":5,"column":9},"end":{"line":5,"column":10}},"loc":{"start":{"line":5,"column":31},"end":{"line":73,"column":67}},"line":5},"1":{"name":"SignUp","decl":{"start":{"line":6,"column":11},"end":{"line":6,"column":17}},"loc":{"start":{"line":6,"column":20},"end":{"line":51,"column":126}},"line":6},"2":{"name":"(anonymous_2)","decl":{"start":{"line":17,"column":18},"end":{"line":17,"column":19}},"loc":{"start":{"line":17,"column":34},"end":{"line":26,"column":5}},"line":17},"3":{"name":"(anonymous_3)","decl":{"start":{"line":23,"column":11},"end":{"line":23,"column":12}},"loc":{"start":{"line":23,"column":31},"end":{"line":23,"column":56}},"line":23},"4":{"name":"(anonymous_4)","decl":{"start":{"line":24,"column":11},"end":{"line":24,"column":12}},"loc":{"start":{"line":24,"column":29},"end":{"line":24,"column":58}},"line":24},"5":{"name":"(anonymous_5)","decl":{"start":{"line":25,"column":12},"end":{"line":25,"column":13}},"loc":{"start":{"line":25,"column":29},"end":{"line":25,"column":65}},"line":25},"6":{"name":"(anonymous_6)","decl":{"start":{"line":28,"column":19},"end":{"line":28,"column":20}},"loc":{"start":{"line":28,"column":31},"end":{"line":51,"column":5}},"line":28},"7":{"name":"(anonymous_7)","decl":{"start":{"line":34,"column":11},"end":{"line":34,"column":12}},"loc":{"start":{"line":34,"column":27},"end":{"line":40,"column":7}},"line":34},"8":{"name":"(anonymous_8)","decl":{"start":{"line":38,"column":15},"end":{"line":38,"column":16}},"loc":{"start":{"line":38,"column":27},"end":{"line":38,"column":60}},"line":38},"9":{"name":"(anonymous_9)","decl":{"start":{"line":41,"column":11},"end":{"line":41,"column":12}},"loc":{"start":{"line":41,"column":23},"end":{"line":47,"column":7}},"line":41},"10":{"name":"(anonymous_10)","decl":{"start":{"line":48,"column":12},"end":{"line":48,"column":13}},"loc":{"start":{"line":48,"column":29},"end":{"line":50,"column":7}},"line":48},"11":{"name":"render","decl":{"start":{"line":51,"column":193},"end":{"line":51,"column":199}},"loc":{"start":{"line":53,"column":4},"end":{"line":73,"column":5}},"line":53},"12":{"name":"onChangeText","decl":{"start":{"line":59,"column":133},"end":{"line":59,"column":145}},"loc":{"start":{"line":59,"column":152},"end":{"line":59,"column":197}},"line":59},"13":{"name":"onChangeText","decl":{"start":{"line":61,"column":126},"end":{"line":61,"column":138}},"loc":{"start":{"line":61,"column":145},"end":{"line":61,"column":187}},"line":61},"14":{"name":"onChangeText","decl":{"start":{"line":63,"column":132},"end":{"line":63,"column":144}},"loc":{"start":{"line":63,"column":151},"end":{"line":63,"column":196}},"line":63},"15":{"name":"onPress","decl":{"start":{"line":65,"column":114},"end":{"line":65,"column":121}},"loc":{"start":{"line":65,"column":124},"end":{"line":68,"column":11}},"line":65},"16":{"name":"(anonymous_16)","decl":{"start":{"line":67,"column":17},"end":{"line":67,"column":18}},"loc":{"start":{"line":67,"column":29},"end":{"line":67,"column":79}},"line":67}},"branchMap":{"0":{"loc":{"start":{"line":35,"column":8},"end":{"line":39,"column":9}},"type":"if","locations":[{"start":{"line":35,"column":8},"end":{"line":39,"column":9}},{"start":{"line":35,"column":8},"end":{"line":39,"column":9}}],"line":35}},"s":{"0":1,"1":1,"2":1,"3":1,"4":1,"5":1,"6":1,"7":1,"8":1,"9":1,"10":0,"11":0,"12":0,"13":0,"14":1,"15":0,"16":0,"17":0,"18":0,"19":0,"20":0,"21":1,"22":1,"23":1,"24":1,"25":1,"26":1,"27":0,"28":0,"29":0,"30":0,"31":0,"32":1,"33":1,"34":1,"35":1,"36":1},"f":{"0":1,"1":1,"2":0,"3":0,"4":0,"5":0,"6":0,"7":0,"8":0,"9":0,"10":0,"11":1,"12":0,"13":0,"14":0,"15":0,"16":0},"b":{"0":[0,0]},"_coverageSchema":"332fd63041d2c1bcb487cc26dd0d5f7d97098a6c","hash":"98ed90654f9edf55d9cb6951e77b2154a6e8cab2"}
,"/Users/arram/turing/projects/capstone/PassGo/components/passgo1.png": {"path":"/Users/arram/turing/projects/capstone/PassGo/components/passgo1.png","statementMap":{"0":{"start":{"line":1,"column":0},"end":{"line":4,"column":6}}},"fnMap":{},"branchMap":{},"s":{"0":1},"f":{},"b":{},"_coverageSchema":"332fd63041d2c1bcb487cc26dd0d5f7d97098a6c","hash":"8ccb98cb50727de47e193eac85df45531ff07820"}
,"/Users/arram/turing/projects/capstone/PassGo/firebase/auth.js": {"path":"/Users/arram/turing/projects/capstone/PassGo/firebase/auth.js","statementMap":{"0":{"start":{"line":1,"column":13},"end":{"line":1,"column":75}},"1":{"start":{"line":1,"column":75},"end":{"line":1,"column":237}},"2":{"start":{"line":1,"column":253},"end":{"line":1,"column":274}},"3":{"start":{"line":3,"column":39},"end":{"line":4,"column":69}},"4":{"start":{"line":3,"column":99},"end":{"line":4,"column":68}},"5":{"start":{"line":4,"column":70},"end":{"line":4,"column":146}},"6":{"start":{"line":6,"column":35},"end":{"line":7,"column":65}},"7":{"start":{"line":6,"column":91},"end":{"line":7,"column":64}},"8":{"start":{"line":7,"column":66},"end":{"line":7,"column":134}},"9":{"start":{"line":9,"column":16},"end":{"line":10,"column":31}},"10":{"start":{"line":9,"column":38},"end":{"line":10,"column":30}},"11":{"start":{"line":10,"column":32},"end":{"line":10,"column":62}},"12":{"start":{"line":12,"column":22},"end":{"line":13,"column":51}},"13":{"start":{"line":12,"column":55},"end":{"line":13,"column":50}},"14":{"start":{"line":13,"column":52},"end":{"line":13,"column":94}},"15":{"start":{"line":15,"column":23},"end":{"line":16,"column":58}},"16":{"start":{"line":15,"column":60},"end":{"line":16,"column":57}},"17":{"start":{"line":16,"column":59},"end":{"line":16,"column":103}}},"fnMap":{"0":{"name":"doCreateUserWithEmailAndPassword","decl":{"start":{"line":3,"column":48},"end":{"line":3,"column":80}},"loc":{"start":{"line":3,"column":98},"end":{"line":4,"column":69}},"line":3},"1":{"name":"doSignInWithEmailAndPassword","decl":{"start":{"line":6,"column":44},"end":{"line":6,"column":72}},"loc":{"start":{"line":6,"column":90},"end":{"line":7,"column":65}},"line":6},"2":{"name":"doSignOut","decl":{"start":{"line":9,"column":25},"end":{"line":9,"column":34}},"loc":{"start":{"line":9,"column":37},"end":{"line":10,"column":31}},"line":9},"3":{"name":"doPasswordReset","decl":{"start":{"line":12,"column":31},"end":{"line":12,"column":46}},"loc":{"start":{"line":12,"column":54},"end":{"line":13,"column":51}},"line":12},"4":{"name":"doPasswordUpdate","decl":{"start":{"line":15,"column":32},"end":{"line":15,"column":48}},"loc":{"start":{"line":15,"column":59},"end":{"line":16,"column":58}},"line":15}},"branchMap":{},"s":{"0":2,"1":2,"2":2,"3":2,"4":0,"5":2,"6":2,"7":0,"8":2,"9":2,"10":0,"11":2,"12":2,"13":0,"14":2,"15":2,"16":0,"17":2},"f":{"0":0,"1":0,"2":0,"3":0,"4":0},"b":{},"_coverageSchema":"332fd63041d2c1bcb487cc26dd0d5f7d97098a6c","hash":"7fae9779463d7be4c766a81d60b3e6f10fc5a70d"}
,"/Users/arram/turing/projects/capstone/PassGo/firebase/firebase.js": {"path":"/Users/arram/turing/projects/capstone/PassGo/firebase/firebase.js","statementMap":{"0":{"start":{"line":1,"column":13},"end":{"line":1,"column":75}},"1":{"start":{"line":1,"column":75},"end":{"line":1,"column":97}},"2":{"start":{"line":1,"column":108},"end":{"line":1,"column":167}},"3":{"start":{"line":2,"column":0},"end":{"line":2,"column":25}},"4":{"start":{"line":4,"column":13},"end":{"line":10,"column":36}},"5":{"start":{"line":13,"column":0},"end":{"line":15,"column":1}},"6":{"start":{"line":14,"column":2},"end":{"line":14,"column":37}},"7":{"start":{"line":17,"column":11},"end":{"line":17,"column":30}},"8":{"start":{"line":17,"column":31},"end":{"line":17,"column":51}}},"fnMap":{},"branchMap":{"0":{"loc":{"start":{"line":13,"column":0},"end":{"line":15,"column":1}},"type":"if","locations":[{"start":{"line":13,"column":0},"end":{"line":15,"column":1}},{"start":{"line":13,"column":0},"end":{"line":15,"column":1}}],"line":13}},"s":{"0":2,"1":2,"2":2,"3":2,"4":2,"5":2,"6":2,"7":2,"8":2},"f":{},"b":{"0":[2,0]},"_coverageSchema":"332fd63041d2c1bcb487cc26dd0d5f7d97098a6c","hash":"80bb6eb4424091a031913cd05df3a5101f8be709"}
,"/Users/arram/turing/projects/capstone/PassGo/firebase/index.js": {"path":"/Users/arram/turing/projects/capstone/PassGo/firebase/index.js","statementMap":{"0":{"start":{"line":1,"column":13},"end":{"line":1,"column":75}},"1":{"start":{"line":1,"column":75},"end":{"line":1,"column":116}},"2":{"start":{"line":1,"column":127},"end":{"line":1,"column":181}},"3":{"start":{"line":1,"column":182},"end":{"line":1,"column":202}},"4":{"start":{"line":2,"column":15},"end":{"line":2,"column":73}},"5":{"start":{"line":2,"column":74},"end":{"line":2,"column":102}}},"fnMap":{},"branchMap":{},"s":{"0":2,"1":2,"2":2,"3":2,"4":2,"5":2},"f":{},"b":{},"_coverageSchema":"332fd63041d2c1bcb487cc26dd0d5f7d97098a6c","hash":"39c5971fe6d25ff32ee72bcff72d7f617b72b5fa"}
}
