TN:
SF:/Users/arram/turing/projects/capstone/PassGo/components/CompaniesContainer.js
FN:5,CompaniesContainer
FN:10,(anonymous_1)
FNF:2
FNH:1
FNDA:1,CompaniesContainer
FNDA:0,(anonymous_1)
DA:1,1
DA:2,1
DA:3,1
DA:5,1
DA:6,1
DA:11,0
DA:28,1
DA:30,1
LF:8
LH:7
BRF:0
BRH:0
end_of_record
TN:
SF:/Users/arram/turing/projects/capstone/PassGo/components/Company.js
FN:4,Company
FN:14,onPress
FNF:2
FNH:0
FNDA:0,Company
FNDA:0,onPress
DA:1,1
DA:2,1
DA:4,1
DA:5,0
DA:15,0
DA:29,1
DA:31,1
LF:7
LH:5
BRF:0
BRH:0
end_of_record
TN:
SF:/Users/arram/turing/projects/capstone/PassGo/components/Landing.js
FN:7,(anonymous_0)
FN:8,Landing
FN:33,(anonymous_2)
FN:35,(anonymous_3)
FN:36,(anonymous_4)
FN:37,(anonymous_5)
FN:40,(anonymous_6)
FN:45,(anonymous_7)
FN:49,(anonymous_8)
FN:57,(anonymous_9)
FN:58,(anonymous_10)
FN:63,(anonymous_11)
FN:69,(anonymous_12)
FN:70,(anonymous_13)
FN:74,(anonymous_14)
FN:77,(anonymous_15)
FN:80,(anonymous_16)
FN:85,(anonymous_17)
FN:90,_onHideUnderlay
FN:90,_onShowUnderlay
FN:90,requestFineLocationPermission
FN:90,requestFineLocationPermission$
FN:102,requestCoarseLocationPermission
FN:102,requestCoarseLocationPermission$
FN:116,componentDidMount
FN:122,(anonymous_25)
FN:134,render
FN:144,onChangeText
FN:146,onChangeText
FN:151,onPress
FN:166,onPress
FN:168,(anonymous_31)
FN:169,(anonymous_32)
FNF:33
FNH:4
FNDA:1,(anonymous_0)
FNDA:2,Landing
FNDA:0,(anonymous_2)
FNDA:0,(anonymous_3)
FNDA:0,(anonymous_4)
FNDA:0,(anonymous_5)
FNDA:0,(anonymous_6)
FNDA:0,(anonymous_7)
FNDA:0,(anonymous_8)
FNDA:0,(anonymous_9)
FNDA:0,(anonymous_10)
FNDA:0,(anonymous_11)
FNDA:0,(anonymous_12)
FNDA:0,(anonymous_13)
FNDA:0,(anonymous_14)
FNDA:0,(anonymous_15)
FNDA:0,(anonymous_16)
FNDA:0,(anonymous_17)
FNDA:0,_onHideUnderlay
FNDA:0,_onShowUnderlay
FNDA:0,requestFineLocationPermission
FNDA:0,requestFineLocationPermission$
FNDA:0,requestCoarseLocationPermission
FNDA:0,requestCoarseLocationPermission$
FNDA:2,componentDidMount
FNDA:0,(anonymous_25)
FNDA:3,render
FNDA:0,onChangeText
FNDA:0,onChangeText
FNDA:0,onPress
FNDA:0,onPress
FNDA:0,(anonymous_31)
FNDA:0,(anonymous_32)
DA:1,1
DA:2,1
DA:3,1
DA:4,1
DA:7,1
DA:8,2
DA:9,2
DA:34,0
DA:35,0
DA:36,0
DA:37,0
DA:38,2
DA:41,0
DA:42,0
DA:43,0
DA:46,0
DA:47,0
DA:50,0
DA:57,0
DA:59,0
DA:61,2
DA:64,0
DA:69,0
DA:71,0
DA:72,0
DA:74,0
DA:75,2
DA:78,0
DA:79,0
DA:81,0
DA:82,0
DA:83,0
DA:86,0
DA:90,2
DA:98,0
DA:102,0
DA:112,0
DA:116,0
DA:120,2
DA:121,2
DA:123,0
DA:124,0
DA:125,0
DA:126,0
DA:131,0
DA:136,3
DA:137,3
DA:138,3
DA:139,2
DA:144,0
DA:146,0
DA:152,0
DA:159,1
DA:167,0
DA:168,0
DA:169,0
DA:175,1
DA:178,1
DA:249,1
DA:253,1
LF:60
LH:22
BRDA:90,0,0,0
BRDA:90,0,1,0
BRDA:90,0,2,0
BRDA:90,0,3,0
BRDA:90,0,4,0
BRDA:102,1,0,0
BRDA:102,1,1,0
BRDA:102,1,2,0
BRDA:102,1,3,0
BRDA:102,1,4,0
BRDA:123,2,0,0
BRDA:123,2,1,0
BRDA:138,3,0,2
BRDA:138,3,1,1
BRDA:161,4,0,1
BRDA:161,4,1,1
BRF:16
BRH:4
end_of_record
TN:
SF:/Users/arram/turing/projects/capstone/PassGo/components/SignUp.js
FN:5,(anonymous_0)
FN:6,SignUp
FN:17,(anonymous_2)
FN:23,(anonymous_3)
FN:24,(anonymous_4)
FN:25,(anonymous_5)
FN:28,(anonymous_6)
FN:34,(anonymous_7)
FN:38,(anonymous_8)
FN:41,(anonymous_9)
FN:48,(anonymous_10)
FN:51,render
FN:59,onChangeText
FN:61,onChangeText
FN:63,onChangeText
FN:65,onPress
FN:67,(anonymous_16)
FNF:17
FNH:3
FNDA:1,(anonymous_0)
FNDA:1,SignUp
FNDA:0,(anonymous_2)
FNDA:0,(anonymous_3)
FNDA:0,(anonymous_4)
FNDA:0,(anonymous_5)
FNDA:0,(anonymous_6)
FNDA:0,(anonymous_7)
FNDA:0,(anonymous_8)
FNDA:0,(anonymous_9)
FNDA:0,(anonymous_10)
FNDA:1,render
FNDA:0,onChangeText
FNDA:0,onChangeText
FNDA:0,onChangeText
FNDA:0,onPress
FNDA:0,(anonymous_16)
DA:1,1
DA:2,1
DA:3,1
DA:5,1
DA:6,1
DA:7,1
DA:18,0
DA:23,0
DA:24,0
DA:25,0
DA:26,1
DA:29,0
DA:35,0
DA:36,0
DA:38,0
DA:42,0
DA:49,0
DA:51,1
DA:53,1
DA:54,1
DA:59,0
DA:61,0
DA:63,0
DA:66,0
DA:67,0
DA:73,1
DA:76,1
DA:123,1
LF:28
LH:13
BRDA:35,0,0,0
BRDA:35,0,1,0
BRF:2
BRH:0
end_of_record
TN:
SF:/Users/arram/turing/projects/capstone/PassGo/components/passgo1.png
FNF:0
FNH:0
DA:1,1
LF:1
LH:1
BRF:0
BRH:0
end_of_record
TN:
SF:/Users/arram/turing/projects/capstone/PassGo/firebase/auth.js
FN:3,doCreateUserWithEmailAndPassword
FN:6,doSignInWithEmailAndPassword
FN:9,doSignOut
FN:12,doPasswordReset
FN:15,doPasswordUpdate
FNF:5
FNH:0
FNDA:0,doCreateUserWithEmailAndPassword
FNDA:0,doSignInWithEmailAndPassword
FNDA:0,doSignOut
FNDA:0,doPasswordReset
FNDA:0,doPasswordUpdate
DA:1,2
DA:3,2
DA:4,2
DA:6,2
DA:7,2
DA:9,2
DA:10,2
DA:12,2
DA:13,2
DA:15,2
DA:16,2
LF:11
LH:11
BRF:0
BRH:0
end_of_record
TN:
SF:/Users/arram/turing/projects/capstone/PassGo/firebase/firebase.js
FNF:0
FNH:0
DA:1,2
DA:2,2
DA:4,2
DA:13,2
DA:14,2
DA:17,2
LF:6
LH:6
BRDA:13,0,0,2
BRDA:13,0,1,0
BRF:2
BRH:1
end_of_record
TN:
SF:/Users/arram/turing/projects/capstone/PassGo/firebase/index.js
FNF:0
FNH:0
DA:1,2
DA:2,2
LF:2
LH:2
BRF:0
BRH:0
end_of_record
